<?xml version="1.0" encoding="UTF-8"?>
<!-- Generated by org.testng.reporters.JUnitReportReporter -->
<testsuite hostname="shree-PC" name="test.NewTest" tests="1" failures="0" timestamp="10 Feb 2014 17:14:48 GMT" time="0.010" errors="0">
  <testcase name="testmethod" time="0.010" classname="test.NewTest"/>
</testsuite> <!-- test.NewTest -->
